C:\Kwong\init.lst - generated by MGTEK Assembler ASM12 V1.26 Build 144 for WIN32 (x86) - Thu Nov 01 19:45:16 2018

    1:          =0000000A              N       equ     10
    2:          =00001000                      org     $1000
    3:     1000 +0001                  count   rmb     1
    4:                                         
    5:          =00002000                      org     $2000
    6:     2000 CE 201B                        ldx     #array  
    7:     2003 79 1000                        clr     count
    8:     2006 C6 0A                          ldab    #N
    9:     2008 A6 00                  loop    ldaa    0,x
   10:     200A 44                     loop_2  lsra
   11:     200B 24 FD                          bcc     loop_2
   12:     200D 81 00                          cmpa    #0
   13:     200F 27 02                          beq     yes
   14:     2011 20 03                          bra     next
   15:     2013 72 1000                yes     inc     count
   16:     2016 08                     next    inx
   17:     2017 04 31 EE                       dbne    b,loop
   18:     201A 3F                             swi
   19:     201B 01 02 03 04 05 06      array   db      1,2,3,4,5,6,7,8,9,10
           2021 07 08 09 0A 
   20:                                         end

Symbols:
array                           *0000201b
count                           *00001000
loop                            *00002008
loop_2                          *0000200a
n                               *0000000a
next                            *00002016
yes                             *00002013

