C:\Kwong\L1Q1.lst - generated by MGTEK Assembler ASM12 V1.26 Build 144 for WIN32 (x86) - Thu Nov 01 20:34:16 2018

    1:          =0000000A              count   equ     10      ; Set Count Label Address to 10
    2:                                 
    3:          =00001000                      org     $1000   ; SP to mem address $1000
    4:     1000 6924                   num     fdb     $6924   ; form double byte with $69 in $1000 and $24 in $1001
    5:     1002 +0002                  n1      rmb     2       ; reserves 2 mem byte for n1 $1002-$1003
    6:     1004 +0002                  n2      rmb     2       ; reserves 2 mem byte for n2 $1004-$1005
    7:          =00002000                      org     $2000   ; stack pointer
    8:     2000 FC 1000                        ldd     num     ; load num into d, $69 to A and $24 into B
    9:     2003 7C 1002                        std     n1      ; stores D into n1, $1002-$1003 is $6924
   10:     2006 C3 1000                        addd    #num    ;Add the memory address of num, $6924+$1000->$7924
   11:     2009 C3 000A                        addd    #count  ; Add count value, $7924+10->E
   12:     200C 7C 1004                        std     n2      ;store d into n2
   13:                                 
   14:     200F 3F                             swi             ;software interupt
   15:                                         end             ;end

Symbols:
count                           *0000000a
n1                              *00001002
n2                              *00001004
num                             *00001000

