C:\Kwong\L2Q1.lst - generated by MGTEK Assembler ASM12 V1.26 Build 144 for WIN32 (x86) - Thu Nov 01 22:58:12 2018

    1:                                 ;Adds even values
    2:          =00001000                      org     $1000   ; SP to mem address $1000
    3:     1000 +0001                  sum     rmb     1       ; reserve 1 mem bytes for sum
    4:     1001 +0001                  arcnt   rmb     1       ; reserve 1 mem bytes for arcnt
    5:                                         
    6:          =00002100                      org     $2100   ; SP to mem address $2000
    7:     2100 86 14                          ldaa    #20     ;load #20 to A
    8:     2102 7A 1001                        staa    arcnt   ; Store A (20) to arcnt
    9:     2105 CE 1100                        ldx     #array  ; Load address of array
   10:     2108 86 00                          ldaa    #0      ; load 0 into A
   11:     210A 7A 1000                        staa    sum     ; store A (0) into sum
   12:     210D A6 00                  again   ldaa    0,x     ; load the value of the memory location saved in X
   13:     210F 44                             lsra            ;Accumilator shifted to right
   14:     2110 25 08                          bcs     next    ;branch if carry set
   15:     2112 B6 1000                        ldaa    sum     ; load sum into A
   16:     2115 AB 00                          adda    0,x     ; add value of the mem location saved in X
   17:     2117 7A 1000                        staa    sum     ; Store sum
   18:     211A 08                     next    inx             ;increment x
   19:     211B 73 1001                        dec     arcnt   ;decrement arcnt
   20:     211E 26 ED                          bne     again   ;branch if not equal
   21:     2120 3F                             swi             ;software interupt
   22:          =00001100                      org     $1100
   23:     1100 01 03 05 07 02 04      array   fcb     1,3,5,7,2,4,6,8,9,11,13,14,15,17,19,16,18,29
           1106 06 08 09 0B 0D 0E 
           110C 0F 11 13 10 12 1D 
   24:                                         end

Symbols:
again                           *0000210d
arcnt                           *00001001
array                           *00001100
next                            *0000211a
sum                             *00001000

