C:\Kwong\L2Q2.lst - generated by MGTEK Assembler ASM12 V1.26 Build 144 for WIN32 (x86) - Thu Nov 01 23:08:04 2018

    1:          =00001000                      org     $1000   ; SP to mem address $1000
    2:     1000 +0001                  sum     rmb     1       ; reserve 1 mem bytes for sum
    3:     1001 +0001                  arcnt   rmb     1       ; reserve 1 mem bytes for arcnt
    4:                                         
    5:          =00002100                      org     $2100   ; SP to mem address $2000
    6:     2100 86 14                          ldaa    #20     ;load #20 to A
    7:     2102 7A 1001                        staa    arcnt   ; Store A (20) to arcnt
    8:     2105 CE 1100                        ldx     #array  ; Load address of array
    9:     2108 86 00                          ldaa    #0      ; load 0 into A
   10:     210A 7A 1000                        staa    sum     ; store A (0) into sum
   11:     210D A6 00                  again   ldaa    0,x     ; load the value of the memory location saved in X
   12:     210F 44                             lsra            ;Accumilator shifted to right
   13:     2110 24 08                          bcc     next    ;branch if carry clear
   14:     2112 B6 1000                        ldaa    sum     ; load sum into A
   15:     2115 AB 00                          adda    0,x     ; add value of the mem location saved in X
   16:     2117 7A 1000                        staa    sum     ; Store sum
   17:     211A 08                     next    inx             ;increment x
   18:     211B 73 1001                        dec     arcnt   ;decrement arcnt
   19:     211E 26 ED                          bne     again   ;branch if not equal
   20:     2120 3F                             swi             ;software interupt
   21:          =00001100                      org     $1100
   22:     1100 01 03 05 07 02 04      array   fcb     1,3,5,7,2,4,6,8,9,11,13,14,15,17,19,16,18,29
           1106 06 08 09 0B 0D 0E 
           110C 0F 11 13 10 12 1D 
   23:                                         end

Symbols:
again                           *0000210d
arcnt                           *00001001
array                           *00001100
next                            *0000211a
sum                             *00001000

