C:\Kwong\L2Q4.lst - generated by MGTEK Assembler ASM12 V1.26 Build 144 for WIN32 (x86) - Thu Nov 01 23:20:35 2018

    1:          =00001100                      org     $1100   ; SP to mem address $1000
    2:     1100 +0001                  count   rmb     1       ; reserve 1 mem bytes for count
    3:     1101 +0001                  arcnt   rmb     1       ; reserve 1 mem bytes for arcnt
    4:                                         
    5:          =00002100                      org     $2100   ; SP to mem address $2000
    6:     2100 86 14                          ldaa    #20     ;load #20 to A
    7:     2102 7A 1101                        staa    arcnt   ; Store A (20) to arcnt
    8:     2105 CE 1000                        ldx     #array  ; Load address of array
    9:     2108 86 00                          ldaa    #0      ; load 0 into A
   10:     210A 7A 1100                        staa    count   ; store A (0) into count
   11:     210D A6 00                  again   ldaa    0,x     ; load the value of the memory location saved in X
   12:                                         
   13:     210F 81 10                          cmpa    #16
   14:     2111 22 03                          bhi     next    ;branch if carry set
   15:                                 
   16:     2113 72 1100                        inc     count   ; inc count
   17:     2116 08                     next    inx             ;increment x
   18:     2117 73 1101                        dec     arcnt   ;decrement arcnt
   19:     211A 26 F1                          bne     again   ;branch if not equal
   20:     211C 3F                             swi             ;software interupt
   21:          =00001000                      org     $1000
   22:     1000 03 08 13 22 57 2D      array   fcb     3,8,19,34,87,45,67,43,90,6
           1006 43 2B 5A 06 
   23:     100A 0B 16 21 2C 37 42              fcb     11,22,33,44,55,66,77,88,99,100
           1010 4D 58 63 64 
   24:                                         end

Symbols:
again                           *0000210d
arcnt                           *00001101
array                           *00001000
count                           *00001100
next                            *00002116

