C:\Kwong\L3Q1.lst - generated by MGTEK Assembler ASM12 V1.26 Build 144 for WIN32 (x86) - Fri Nov 02 00:15:31 2018

    1:          =00000014              N       equ     20      ;Set N=20
    2:          =00001000                      org     $1000   ; SP ->$1000
    3:     1000 0A 0C 1D 14 1E 1F      arr     db      10,12,29,20,30,31,33,34,36,37,40,3,89,$AB,$CD,$A3; define array
           1006 21 22 24 25 28 03 
           100C 59 AB CD A3 
    4:     1010 67 07 44 63                    db      $67,7,$44,$63
    5:     1014 +0001                  count   rmb     1       ;reserve memory byte for count
    6:          =00002000                      org     $2000   ;SP->$2000
    7:     2000 CE 1000                        ldx     #arr    ;load memory address of arr into x
    8:     2003 79 1014                        clr     count   ;clear count
    9:     2006 C6 14                          ldab    #N      ;load N(20) into B
   10:     2008 0F 00 98 02            loop    brclr   0,X,$98,yes;Branch if array element has 0s in the one location of mask, 10011000
   11:     200C 20 03                          bra     next    ;branch next
   12:     200E 72 1014                yes     inc     count   ;increment count
   13:     2011 08                     next    inx             ;increment x
   14:     2012 04 31 F3                       dbne    b,loop  ;continue to loop till loop counter=N
   15:     2015 3F                             swi             ;software interrupt
   16:                                         end

Symbols:
arr                             *00001000
count                           *00001014
loop                            *00002008
n                               *00000014
next                            *00002011
yes                             *0000200e

